2023-08-04 15:06:01.4989||INFO|Microsoft.Hosting.Lifetime|Now listening on: https://localhost:7131 
2023-08-04 15:06:01.5391||INFO|Microsoft.Hosting.Lifetime|Now listening on: http://localhost:5146 
2023-08-04 15:06:01.5391||INFO|Microsoft.Hosting.Lifetime|Application started. Press Ctrl+C to shut down. 
2023-08-04 15:06:01.5391||INFO|Microsoft.Hosting.Lifetime|Hosting environment: Development 
2023-08-04 15:06:01.5391||INFO|Microsoft.Hosting.Lifetime|Content root path: D:\Masaüstü\RentACar\RentACar\RentACar.Api\ 
2023-08-04 15:06:02.1748||INFO|Microsoft.AspNetCore.Hosting.Diagnostics|Request starting HTTP/2 GET https://localhost:7131/swagger/index.html - - 
2023-08-04 15:06:02.4470||INFO|Microsoft.AspNetCore.Hosting.Diagnostics|Request starting HTTP/2 GET https://localhost:7131/_framework/aspnetcore-browser-refresh.js - - 
2023-08-04 15:06:02.4470||INFO|Microsoft.AspNetCore.Hosting.Diagnostics|Request finished HTTP/2 GET https://localhost:7131/swagger/index.html - - - 200 - text/html;charset=utf-8 275.0984ms 
2023-08-04 15:06:02.4470||INFO|Microsoft.AspNetCore.Hosting.Diagnostics|Request finished HTTP/2 GET https://localhost:7131/_framework/aspnetcore-browser-refresh.js - - - 200 11994 application/javascript;+charset=utf-8 4.3434ms 
2023-08-04 15:06:02.4891||INFO|Microsoft.AspNetCore.Hosting.Diagnostics|Request starting HTTP/2 GET https://localhost:7131/_vs/browserLink - - 
2023-08-04 15:06:02.5481||INFO|Microsoft.AspNetCore.Hosting.Diagnostics|Request finished HTTP/2 GET https://localhost:7131/_vs/browserLink - - - 200 - text/javascript;+charset=UTF-8 59.0708ms 
2023-08-04 15:06:02.6029||INFO|Microsoft.AspNetCore.Hosting.Diagnostics|Request starting HTTP/2 GET https://localhost:7131/swagger/v1/swagger.json - - 
2023-08-04 15:06:02.6739||INFO|Microsoft.AspNetCore.Hosting.Diagnostics|Request finished HTTP/2 GET https://localhost:7131/swagger/v1/swagger.json - - - 200 - application/json;charset=utf-8 70.9718ms 
2023-08-04 15:06:05.5426||INFO|Microsoft.AspNetCore.Hosting.Diagnostics|Request starting HTTP/2 GET https://localhost:7131/api/Arac/TumAraclariGetir - - 
2023-08-04 15:06:05.5426||INFO|Microsoft.AspNetCore.Routing.EndpointMiddleware|Executing endpoint 'RentACar.Api.Controllers.AracController.TumAraclariGetir (RentACar.Api)' 
2023-08-04 15:06:05.5603||INFO|Microsoft.AspNetCore.Mvc.Infrastructure.ControllerActionInvoker|Route matched with {action = "TumAraclariGetir", controller = "Arac"}. Executing controller action with signature System.Object TumAraclariGetir() on controller RentACar.Api.Controllers.AracController (RentACar.Api). 
2023-08-04 15:06:06.5362||WARN|Microsoft.EntityFrameworkCore.Model.Validation|No store type was specified for the decimal property 'DepozitoUcret' on entity type 'Arac'. This will cause values to be silently truncated if they do not fit in the default precision and scale. Explicitly specify the SQL server column type that can accommodate all the values in 'OnModelCreating' using 'HasColumnType', specify precision and scale using 'HasPrecision', or configure a value converter using 'HasConversion'. 
2023-08-04 15:06:06.5362||WARN|Microsoft.EntityFrameworkCore.Model.Validation|No store type was specified for the decimal property 'Fiyat' on entity type 'Arac'. This will cause values to be silently truncated if they do not fit in the default precision and scale. Explicitly specify the SQL server column type that can accommodate all the values in 'OnModelCreating' using 'HasColumnType', specify precision and scale using 'HasPrecision', or configure a value converter using 'HasConversion'. 
2023-08-04 15:06:07.5955||INFO|Microsoft.EntityFrameworkCore.Database.Command|Executed DbCommand (36ms) [Parameters=[], CommandType='Text', CommandTimeout='30']
SELECT [t].[Id], [t].[Aciklama], [t].[AracDurum], [t].[DepozitoUcret], [t].[Fiyat], [t].[Foto], [t].[KmSinir], [t].[KoltukSayi], [t].[ModelId], [t].[SubeId], [t].[UretimYil], [t].[VitesTip], [t].[YakitTipId]
FROM [tblArac] AS [t] 
2023-08-04 15:06:07.6304||INFO|Microsoft.AspNetCore.Mvc.Infrastructure.ObjectResultExecutor|Executing ObjectResult, writing value of type '<>f__AnonymousType0`2[[System.Boolean, System.Private.CoreLib, Version=6.0.0.0, Culture=neutral, PublicKeyToken=7cec85d7bea7798e],[System.Collections.Generic.List`1[[RentACar.Model.Arac, RentACar.Model, Version=1.0.0.0, Culture=neutral, PublicKeyToken=null]], System.Private.CoreLib, Version=6.0.0.0, Culture=neutral, PublicKeyToken=7cec85d7bea7798e]]'. 
2023-08-04 15:06:07.6450||INFO|Microsoft.AspNetCore.Mvc.Infrastructure.ControllerActionInvoker|Executed action RentACar.Api.Controllers.AracController.TumAraclariGetir (RentACar.Api) in 2081.4906ms 
2023-08-04 15:06:07.6450||INFO|Microsoft.AspNetCore.Routing.EndpointMiddleware|Executed endpoint 'RentACar.Api.Controllers.AracController.TumAraclariGetir (RentACar.Api)' 
2023-08-04 15:06:07.6450||INFO|Microsoft.AspNetCore.Hosting.Diagnostics|Request finished HTTP/2 GET https://localhost:7131/api/Arac/TumAraclariGetir - - - 200 - application/json;+charset=utf-8 2114.4941ms 
2023-08-04 15:22:36.5220||INFO|Microsoft.Hosting.Lifetime|Now listening on: https://localhost:7131 
2023-08-04 15:22:36.5628||INFO|Microsoft.Hosting.Lifetime|Now listening on: http://localhost:5146 
2023-08-04 15:22:36.5628||INFO|Microsoft.Hosting.Lifetime|Application started. Press Ctrl+C to shut down. 
2023-08-04 15:22:36.5680||INFO|Microsoft.Hosting.Lifetime|Hosting environment: Development 
2023-08-04 15:22:36.5680||INFO|Microsoft.Hosting.Lifetime|Content root path: D:\Masaüstü\RentACar\RentACar\RentACar.Api\ 
2023-08-04 15:22:37.0179||INFO|Microsoft.AspNetCore.Hosting.Diagnostics|Request starting HTTP/2 GET https://localhost:7131/swagger/index.html - - 
2023-08-04 15:22:37.2661||INFO|Microsoft.AspNetCore.Hosting.Diagnostics|Request finished HTTP/2 GET https://localhost:7131/swagger/index.html - - - 200 - text/html;charset=utf-8 250.2125ms 
2023-08-04 15:22:37.2777||INFO|Microsoft.AspNetCore.Hosting.Diagnostics|Request starting HTTP/2 GET https://localhost:7131/_framework/aspnetcore-browser-refresh.js - - 
2023-08-04 15:22:37.2893||INFO|Microsoft.AspNetCore.Hosting.Diagnostics|Request finished HTTP/2 GET https://localhost:7131/_framework/aspnetcore-browser-refresh.js - - - 200 11994 application/javascript;+charset=utf-8 11.6036ms 
2023-08-04 15:22:37.3116||INFO|Microsoft.AspNetCore.Hosting.Diagnostics|Request starting HTTP/2 GET https://localhost:7131/_vs/browserLink - - 
2023-08-04 15:22:37.3322||INFO|Microsoft.AspNetCore.Hosting.Diagnostics|Request finished HTTP/2 GET https://localhost:7131/_vs/browserLink - - - 200 - text/javascript;+charset=UTF-8 20.5403ms 
2023-08-04 15:22:37.4023||INFO|Microsoft.AspNetCore.Hosting.Diagnostics|Request starting HTTP/2 GET https://localhost:7131/swagger/v1/swagger.json - - 
2023-08-04 15:22:37.4795||INFO|Microsoft.AspNetCore.Hosting.Diagnostics|Request finished HTTP/2 GET https://localhost:7131/swagger/v1/swagger.json - - - 200 - application/json;charset=utf-8 77.1257ms 
2023-08-04 15:23:35.5712||INFO|Microsoft.AspNetCore.Hosting.Diagnostics|Request starting HTTP/2 GET https://localhost:7131/api/Sube/IlIçersindekiSubeler/1 - - 
2023-08-04 15:23:35.5712||INFO|Microsoft.AspNetCore.Routing.EndpointMiddleware|Executing endpoint 'RentACar.Api.Controllers.SubeController.SubeleriGetir (RentACar.Api)' 
2023-08-04 15:23:35.5972||INFO|Microsoft.AspNetCore.Mvc.Infrastructure.ControllerActionInvoker|Route matched with {action = "SubeleriGetir", controller = "Sube"}. Executing controller action with signature System.Object SubeleriGetir(Int32) on controller RentACar.Api.Controllers.SubeController (RentACar.Api). 
2023-08-04 15:23:36.4125||WARN|Microsoft.EntityFrameworkCore.Model.Validation|No store type was specified for the decimal property 'DepozitoUcret' on entity type 'Arac'. This will cause values to be silently truncated if they do not fit in the default precision and scale. Explicitly specify the SQL server column type that can accommodate all the values in 'OnModelCreating' using 'HasColumnType', specify precision and scale using 'HasPrecision', or configure a value converter using 'HasConversion'. 
2023-08-04 15:23:36.4125||WARN|Microsoft.EntityFrameworkCore.Model.Validation|No store type was specified for the decimal property 'Fiyat' on entity type 'Arac'. This will cause values to be silently truncated if they do not fit in the default precision and scale. Explicitly specify the SQL server column type that can accommodate all the values in 'OnModelCreating' using 'HasColumnType', specify precision and scale using 'HasPrecision', or configure a value converter using 'HasConversion'. 
2023-08-04 15:23:37.3688||ERROR|Microsoft.EntityFrameworkCore.Database.Command|Failed executing DbCommand (82ms) [Parameters=[@__ilid_0='?' (DbType = Int32)], CommandType='Text', CommandTimeout='30']
SELECT [t].[Id], [t].[Ad], [t].[AdresId], [t].[AktifMi], [t].[MailAdress], [t].[TelNo]
FROM [tblSube] AS [t]
INNER JOIN (
    SELECT [t0].[Id], [t0].[MahalleId]
    FROM [tblBina] AS [t0]
    INNER JOIN [tblAdres] AS [t2] ON [t0].[Id] = [t2].[Id]
) AS [t1] ON [t].[AdresId] = [t1].[Id]
INNER JOIN [tblMahalle] AS [t3] ON [t1].[MahalleId] = [t3].[Id]
INNER JOIN [tblIlce] AS [t4] ON [t3].[IlceId] = [t4].[Id]
INNER JOIN [tblSehir] AS [t5] ON [t4].[SehirId] = [t5].[Id]
WHERE [t5].[Id] = @__ilid_0 
2023-08-04 15:23:37.4186||ERROR|Microsoft.EntityFrameworkCore.Query|An exception occurred while iterating over the results of a query for context type 'RentACar.Repository.RepositoryContext'.
Microsoft.Data.SqlClient.SqlException (0x80131904): Invalid object name 'tblIlce'.
   at Microsoft.Data.SqlClient.SqlConnection.OnError(SqlException exception, Boolean breakConnection, Action`1 wrapCloseInAction)
   at Microsoft.Data.SqlClient.TdsParser.ThrowExceptionAndWarning(TdsParserStateObject stateObj, Boolean callerHasConnectionLock, Boolean asyncClose)
   at Microsoft.Data.SqlClient.TdsParser.TryRun(RunBehavior runBehavior, SqlCommand cmdHandler, SqlDataReader dataStream, BulkCopySimpleResultSet bulkCopyHandler, TdsParserStateObject stateObj, Boolean& dataReady)
   at Microsoft.Data.SqlClient.SqlDataReader.TryConsumeMetaData()
   at Microsoft.Data.SqlClient.SqlDataReader.get_MetaData()
   at Microsoft.Data.SqlClient.SqlCommand.FinishExecuteReader(SqlDataReader ds, RunBehavior runBehavior, String resetOptionsString, Boolean isInternal, Boolean forDescribeParameterEncryption, Boolean shouldCacheForAlwaysEncrypted)
   at Microsoft.Data.SqlClient.SqlCommand.RunExecuteReaderTds(CommandBehavior cmdBehavior, RunBehavior runBehavior, Boolean returnStream, Boolean isAsync, Int32 timeout, Task& task, Boolean asyncWrite, Boolean inRetry, SqlDataReader ds, Boolean describeParameterEncryptionRequest)
   at Microsoft.Data.SqlClient.SqlCommand.RunExecuteReader(CommandBehavior cmdBehavior, RunBehavior runBehavior, Boolean returnStream, TaskCompletionSource`1 completion, Int32 timeout, Task& task, Boolean& usedCache, Boolean asyncWrite, Boolean inRetry, String method)
   at Microsoft.Data.SqlClient.SqlCommand.ExecuteReader(CommandBehavior behavior)
   at Microsoft.Data.SqlClient.SqlCommand.ExecuteDbDataReader(CommandBehavior behavior)
   at Microsoft.EntityFrameworkCore.Storage.RelationalCommand.ExecuteReader(RelationalCommandParameterObject parameterObject)
   at Microsoft.EntityFrameworkCore.Query.Internal.SingleQueryingEnumerable`1.Enumerator.InitializeReader(Enumerator enumerator)
   at Microsoft.EntityFrameworkCore.SqlServer.Storage.Internal.SqlServerExecutionStrategy.Execute[TState,TResult](TState state, Func`3 operation, Func`3 verifySucceeded)
   at Microsoft.EntityFrameworkCore.Query.Internal.SingleQueryingEnumerable`1.Enumerator.MoveNext()
ClientConnectionId:910b3c48-5022-44fa-8f45-1ed83b28ff0e
Error Number:208,State:1,Class:16 Microsoft.Data.SqlClient.SqlException (0x80131904): Invalid object name 'tblIlce'.
   at Microsoft.Data.SqlClient.SqlConnection.OnError(SqlException exception, Boolean breakConnection, Action`1 wrapCloseInAction)
   at Microsoft.Data.SqlClient.TdsParser.ThrowExceptionAndWarning(TdsParserStateObject stateObj, Boolean callerHasConnectionLock, Boolean asyncClose)
   at Microsoft.Data.SqlClient.TdsParser.TryRun(RunBehavior runBehavior, SqlCommand cmdHandler, SqlDataReader dataStream, BulkCopySimpleResultSet bulkCopyHandler, TdsParserStateObject stateObj, Boolean& dataReady)
   at Microsoft.Data.SqlClient.SqlDataReader.TryConsumeMetaData()
   at Microsoft.Data.SqlClient.SqlDataReader.get_MetaData()
   at Microsoft.Data.SqlClient.SqlCommand.FinishExecuteReader(SqlDataReader ds, RunBehavior runBehavior, String resetOptionsString, Boolean isInternal, Boolean forDescribeParameterEncryption, Boolean shouldCacheForAlwaysEncrypted)
   at Microsoft.Data.SqlClient.SqlCommand.RunExecuteReaderTds(CommandBehavior cmdBehavior, RunBehavior runBehavior, Boolean returnStream, Boolean isAsync, Int32 timeout, Task& task, Boolean asyncWrite, Boolean inRetry, SqlDataReader ds, Boolean describeParameterEncryptionRequest)
   at Microsoft.Data.SqlClient.SqlCommand.RunExecuteReader(CommandBehavior cmdBehavior, RunBehavior runBehavior, Boolean returnStream, TaskCompletionSource`1 completion, Int32 timeout, Task& task, Boolean& usedCache, Boolean asyncWrite, Boolean inRetry, String method)
   at Microsoft.Data.SqlClient.SqlCommand.ExecuteReader(CommandBehavior behavior)
   at Microsoft.Data.SqlClient.SqlCommand.ExecuteDbDataReader(CommandBehavior behavior)
   at Microsoft.EntityFrameworkCore.Storage.RelationalCommand.ExecuteReader(RelationalCommandParameterObject parameterObject)
   at Microsoft.EntityFrameworkCore.Query.Internal.SingleQueryingEnumerable`1.Enumerator.InitializeReader(Enumerator enumerator)
   at Microsoft.EntityFrameworkCore.SqlServer.Storage.Internal.SqlServerExecutionStrategy.Execute[TState,TResult](TState state, Func`3 operation, Func`3 verifySucceeded)
   at Microsoft.EntityFrameworkCore.Query.Internal.SingleQueryingEnumerable`1.Enumerator.MoveNext()
ClientConnectionId:910b3c48-5022-44fa-8f45-1ed83b28ff0e
Error Number:208,State:1,Class:16
2023-08-04 15:24:17.9175||INFO|Microsoft.AspNetCore.Mvc.Infrastructure.ControllerActionInvoker|Executed action RentACar.Api.Controllers.SubeController.SubeleriGetir (RentACar.Api) in 42316.6407ms 
2023-08-04 15:24:17.9175||INFO|Microsoft.AspNetCore.Routing.EndpointMiddleware|Executed endpoint 'RentACar.Api.Controllers.SubeController.SubeleriGetir (RentACar.Api)' 
2023-08-04 15:24:17.9175||ERROR|Microsoft.AspNetCore.Diagnostics.ExceptionHandlerMiddleware|An unhandled exception has occurred while executing the request. Microsoft.Data.SqlClient.SqlException (0x80131904): Invalid object name 'tblIlce'.
   at Microsoft.Data.SqlClient.SqlConnection.OnError(SqlException exception, Boolean breakConnection, Action`1 wrapCloseInAction)
   at Microsoft.Data.SqlClient.TdsParser.ThrowExceptionAndWarning(TdsParserStateObject stateObj, Boolean callerHasConnectionLock, Boolean asyncClose)
   at Microsoft.Data.SqlClient.TdsParser.TryRun(RunBehavior runBehavior, SqlCommand cmdHandler, SqlDataReader dataStream, BulkCopySimpleResultSet bulkCopyHandler, TdsParserStateObject stateObj, Boolean& dataReady)
   at Microsoft.Data.SqlClient.SqlDataReader.TryConsumeMetaData()
   at Microsoft.Data.SqlClient.SqlDataReader.get_MetaData()
   at Microsoft.Data.SqlClient.SqlCommand.FinishExecuteReader(SqlDataReader ds, RunBehavior runBehavior, String resetOptionsString, Boolean isInternal, Boolean forDescribeParameterEncryption, Boolean shouldCacheForAlwaysEncrypted)
   at Microsoft.Data.SqlClient.SqlCommand.RunExecuteReaderTds(CommandBehavior cmdBehavior, RunBehavior runBehavior, Boolean returnStream, Boolean isAsync, Int32 timeout, Task& task, Boolean asyncWrite, Boolean inRetry, SqlDataReader ds, Boolean describeParameterEncryptionRequest)
   at Microsoft.Data.SqlClient.SqlCommand.RunExecuteReader(CommandBehavior cmdBehavior, RunBehavior runBehavior, Boolean returnStream, TaskCompletionSource`1 completion, Int32 timeout, Task& task, Boolean& usedCache, Boolean asyncWrite, Boolean inRetry, String method)
   at Microsoft.Data.SqlClient.SqlCommand.ExecuteReader(CommandBehavior behavior)
   at Microsoft.Data.SqlClient.SqlCommand.ExecuteDbDataReader(CommandBehavior behavior)
   at Microsoft.EntityFrameworkCore.Storage.RelationalCommand.ExecuteReader(RelationalCommandParameterObject parameterObject)
   at Microsoft.EntityFrameworkCore.Query.Internal.SingleQueryingEnumerable`1.Enumerator.InitializeReader(Enumerator enumerator)
   at Microsoft.EntityFrameworkCore.SqlServer.Storage.Internal.SqlServerExecutionStrategy.Execute[TState,TResult](TState state, Func`3 operation, Func`3 verifySucceeded)
   at Microsoft.EntityFrameworkCore.Query.Internal.SingleQueryingEnumerable`1.Enumerator.MoveNext()
   at System.Collections.Generic.List`1..ctor(IEnumerable`1 collection)
   at System.Linq.Enumerable.ToList[TSource](IEnumerable`1 source)
   at RentACar.Api.Controllers.SubeController.SubeleriGetir(Int32 ilid) in D:\Masaüstü\RentACar\RentACar\RentACar.Api\Controllers\SubeController.cs:line 19
   at Microsoft.AspNetCore.Mvc.Infrastructure.ActionMethodExecutor.SyncObjectResultExecutor.Execute(IActionResultTypeMapper mapper, ObjectMethodExecutor executor, Object controller, Object[] arguments)
   at Microsoft.AspNetCore.Mvc.Infrastructure.ControllerActionInvoker.InvokeActionMethodAsync()
   at Microsoft.AspNetCore.Mvc.Infrastructure.ControllerActionInvoker.Next(State& next, Scope& scope, Object& state, Boolean& isCompleted)
   at Microsoft.AspNetCore.Mvc.Infrastructure.ControllerActionInvoker.InvokeNextActionFilterAsync()
--- End of stack trace from previous location ---
   at Microsoft.AspNetCore.Mvc.Infrastructure.ControllerActionInvoker.Rethrow(ActionExecutedContextSealed context)
   at Microsoft.AspNetCore.Mvc.Infrastructure.ControllerActionInvoker.Next(State& next, Scope& scope, Object& state, Boolean& isCompleted)
   at Microsoft.AspNetCore.Mvc.Infrastructure.ControllerActionInvoker.InvokeInnerFilterAsync()
--- End of stack trace from previous location ---
   at Microsoft.AspNetCore.Mvc.Infrastructure.ResourceInvoker.<InvokeFilterPipelineAsync>g__Awaited|20_0(ResourceInvoker invoker, Task lastTask, State next, Scope scope, Object state, Boolean isCompleted)
   at Microsoft.AspNetCore.Mvc.Infrastructure.ResourceInvoker.<InvokeAsync>g__Logged|17_1(ResourceInvoker invoker)
   at Microsoft.AspNetCore.Mvc.Infrastructure.ResourceInvoker.<InvokeAsync>g__Logged|17_1(ResourceInvoker invoker)
   at Microsoft.AspNetCore.Routing.EndpointMiddleware.<Invoke>g__AwaitRequestTask|6_0(Endpoint endpoint, Task requestTask, ILogger logger)
   at Microsoft.AspNetCore.Authorization.AuthorizationMiddleware.Invoke(HttpContext context)
   at Microsoft.AspNetCore.Diagnostics.ExceptionHandlerMiddleware.<Invoke>g__Awaited|6_0(ExceptionHandlerMiddleware middleware, HttpContext context, Task task)
ClientConnectionId:910b3c48-5022-44fa-8f45-1ed83b28ff0e
Error Number:208,State:1,Class:16
2023-08-04 15:24:17.9438||INFO|Microsoft.AspNetCore.Routing.EndpointMiddleware|Executing endpoint 'RentACar.Api.Controllers.ErrorController.HandleErrorDevelopment (RentACar.Api)' 
2023-08-04 15:24:17.9438||INFO|Microsoft.AspNetCore.Mvc.Infrastructure.ControllerActionInvoker|Route matched with {action = "HandleErrorDevelopment", controller = "Error"}. Executing controller action with signature Microsoft.AspNetCore.Mvc.IActionResult HandleErrorDevelopment(Microsoft.Extensions.Hosting.IHostEnvironment) on controller RentACar.Api.Controllers.ErrorController (RentACar.Api). 
2023-08-04 15:24:17.9438||INFO|Microsoft.AspNetCore.Mvc.Infrastructure.ObjectResultExecutor|Executing ObjectResult, writing value of type 'Microsoft.AspNetCore.Mvc.ProblemDetails'. 
2023-08-04 15:24:17.9438||INFO|Microsoft.AspNetCore.Mvc.Infrastructure.ControllerActionInvoker|Executed action RentACar.Api.Controllers.ErrorController.HandleErrorDevelopment (RentACar.Api) in 8.1754ms 
2023-08-04 15:24:17.9438||INFO|Microsoft.AspNetCore.Routing.EndpointMiddleware|Executed endpoint 'RentACar.Api.Controllers.ErrorController.HandleErrorDevelopment (RentACar.Api)' 
2023-08-04 15:24:17.9726||INFO|Microsoft.AspNetCore.Hosting.Diagnostics|Request finished HTTP/2 GET https://localhost:7131/api/Sube/IlIçersindekiSubeler/1 - - - 500 - application/problem+json;+charset=utf-8 42401.4122ms 
2023-08-04 15:26:01.4651||INFO|Microsoft.Hosting.Lifetime|Now listening on: https://localhost:7131 
2023-08-04 15:26:01.5034||INFO|Microsoft.Hosting.Lifetime|Now listening on: http://localhost:5146 
2023-08-04 15:26:01.5066||INFO|Microsoft.Hosting.Lifetime|Application started. Press Ctrl+C to shut down. 
2023-08-04 15:26:01.5066||INFO|Microsoft.Hosting.Lifetime|Hosting environment: Development 
2023-08-04 15:26:01.5066||INFO|Microsoft.Hosting.Lifetime|Content root path: D:\Masaüstü\RentACar\RentACar\RentACar.Api\ 
2023-08-04 15:26:02.1926||INFO|Microsoft.AspNetCore.Hosting.Diagnostics|Request starting HTTP/2 GET https://localhost:7131/swagger/index.html - - 
2023-08-04 15:26:02.4175||INFO|Microsoft.AspNetCore.Hosting.Diagnostics|Request finished HTTP/2 GET https://localhost:7131/swagger/index.html - - - 200 - text/html;charset=utf-8 227.1127ms 
2023-08-04 15:26:02.4175||INFO|Microsoft.AspNetCore.Hosting.Diagnostics|Request starting HTTP/2 GET https://localhost:7131/_framework/aspnetcore-browser-refresh.js - - 
2023-08-04 15:26:02.4279||INFO|Microsoft.AspNetCore.Hosting.Diagnostics|Request finished HTTP/2 GET https://localhost:7131/_framework/aspnetcore-browser-refresh.js - - - 200 11994 application/javascript;+charset=utf-8 6.3406ms 
2023-08-04 15:26:02.4571||INFO|Microsoft.AspNetCore.Hosting.Diagnostics|Request starting HTTP/2 GET https://localhost:7131/_vs/browserLink - - 
2023-08-04 15:26:02.4867||INFO|Microsoft.AspNetCore.Hosting.Diagnostics|Request finished HTTP/2 GET https://localhost:7131/_vs/browserLink - - - 200 - text/javascript;+charset=UTF-8 29.6068ms 
2023-08-04 15:26:02.5434||INFO|Microsoft.AspNetCore.Hosting.Diagnostics|Request starting HTTP/2 GET https://localhost:7131/swagger/v1/swagger.json - - 
2023-08-04 15:26:02.6098||INFO|Microsoft.AspNetCore.Hosting.Diagnostics|Request finished HTTP/2 GET https://localhost:7131/swagger/v1/swagger.json - - - 200 - application/json;charset=utf-8 66.3810ms 
2023-08-04 15:26:09.7543||INFO|Microsoft.AspNetCore.Hosting.Diagnostics|Request starting HTTP/2 GET https://localhost:7131/api/Sube/IlIçersindekiSubeler/1 - - 
2023-08-04 15:26:09.7543||INFO|Microsoft.AspNetCore.Routing.EndpointMiddleware|Executing endpoint 'RentACar.Api.Controllers.SubeController.SubeleriGetir (RentACar.Api)' 
2023-08-04 15:26:09.7782||INFO|Microsoft.AspNetCore.Mvc.Infrastructure.ControllerActionInvoker|Route matched with {action = "SubeleriGetir", controller = "Sube"}. Executing controller action with signature System.Object SubeleriGetir(Int32) on controller RentACar.Api.Controllers.SubeController (RentACar.Api). 
2023-08-04 15:26:10.5769||WARN|Microsoft.EntityFrameworkCore.Model.Validation|No store type was specified for the decimal property 'DepozitoUcret' on entity type 'Arac'. This will cause values to be silently truncated if they do not fit in the default precision and scale. Explicitly specify the SQL server column type that can accommodate all the values in 'OnModelCreating' using 'HasColumnType', specify precision and scale using 'HasPrecision', or configure a value converter using 'HasConversion'. 
2023-08-04 15:26:10.5769||WARN|Microsoft.EntityFrameworkCore.Model.Validation|No store type was specified for the decimal property 'Fiyat' on entity type 'Arac'. This will cause values to be silently truncated if they do not fit in the default precision and scale. Explicitly specify the SQL server column type that can accommodate all the values in 'OnModelCreating' using 'HasColumnType', specify precision and scale using 'HasPrecision', or configure a value converter using 'HasConversion'. 
2023-08-04 15:26:11.5321||ERROR|Microsoft.EntityFrameworkCore.Database.Command|Failed executing DbCommand (58ms) [Parameters=[@__ilid_0='?' (DbType = Int32)], CommandType='Text', CommandTimeout='30']
SELECT [t].[Id], [t].[Ad], [t].[AdresId], [t].[AktifMi], [t].[MailAdress], [t].[TelNo]
FROM [tblSube] AS [t]
INNER JOIN (
    SELECT [t0].[Id], [t0].[MahalleId]
    FROM [tblBina] AS [t0]
    INNER JOIN [tblAdres] AS [t2] ON [t0].[Id] = [t2].[Id]
) AS [t1] ON [t].[AdresId] = [t1].[Id]
INNER JOIN [tblMahalle] AS [t3] ON [t1].[MahalleId] = [t3].[Id]
INNER JOIN [tblIlce] AS [t4] ON [t3].[IlceId] = [t4].[Id]
WHERE [t4].[SehirId] = @__ilid_0 
2023-08-04 15:26:11.5609||ERROR|Microsoft.EntityFrameworkCore.Query|An exception occurred while iterating over the results of a query for context type 'RentACar.Repository.RepositoryContext'.
Microsoft.Data.SqlClient.SqlException (0x80131904): Invalid object name 'tblIlce'.
   at Microsoft.Data.SqlClient.SqlConnection.OnError(SqlException exception, Boolean breakConnection, Action`1 wrapCloseInAction)
   at Microsoft.Data.SqlClient.TdsParser.ThrowExceptionAndWarning(TdsParserStateObject stateObj, Boolean callerHasConnectionLock, Boolean asyncClose)
   at Microsoft.Data.SqlClient.TdsParser.TryRun(RunBehavior runBehavior, SqlCommand cmdHandler, SqlDataReader dataStream, BulkCopySimpleResultSet bulkCopyHandler, TdsParserStateObject stateObj, Boolean& dataReady)
   at Microsoft.Data.SqlClient.SqlDataReader.TryConsumeMetaData()
   at Microsoft.Data.SqlClient.SqlDataReader.get_MetaData()
   at Microsoft.Data.SqlClient.SqlCommand.FinishExecuteReader(SqlDataReader ds, RunBehavior runBehavior, String resetOptionsString, Boolean isInternal, Boolean forDescribeParameterEncryption, Boolean shouldCacheForAlwaysEncrypted)
   at Microsoft.Data.SqlClient.SqlCommand.RunExecuteReaderTds(CommandBehavior cmdBehavior, RunBehavior runBehavior, Boolean returnStream, Boolean isAsync, Int32 timeout, Task& task, Boolean asyncWrite, Boolean inRetry, SqlDataReader ds, Boolean describeParameterEncryptionRequest)
   at Microsoft.Data.SqlClient.SqlCommand.RunExecuteReader(CommandBehavior cmdBehavior, RunBehavior runBehavior, Boolean returnStream, TaskCompletionSource`1 completion, Int32 timeout, Task& task, Boolean& usedCache, Boolean asyncWrite, Boolean inRetry, String method)
   at Microsoft.Data.SqlClient.SqlCommand.ExecuteReader(CommandBehavior behavior)
   at Microsoft.Data.SqlClient.SqlCommand.ExecuteDbDataReader(CommandBehavior behavior)
   at Microsoft.EntityFrameworkCore.Storage.RelationalCommand.ExecuteReader(RelationalCommandParameterObject parameterObject)
   at Microsoft.EntityFrameworkCore.Query.Internal.SingleQueryingEnumerable`1.Enumerator.InitializeReader(Enumerator enumerator)
   at Microsoft.EntityFrameworkCore.SqlServer.Storage.Internal.SqlServerExecutionStrategy.Execute[TState,TResult](TState state, Func`3 operation, Func`3 verifySucceeded)
   at Microsoft.EntityFrameworkCore.Query.Internal.SingleQueryingEnumerable`1.Enumerator.MoveNext()
ClientConnectionId:9eca9103-ec5d-47fa-8f79-bac5a4bcd595
Error Number:208,State:1,Class:16 Microsoft.Data.SqlClient.SqlException (0x80131904): Invalid object name 'tblIlce'.
   at Microsoft.Data.SqlClient.SqlConnection.OnError(SqlException exception, Boolean breakConnection, Action`1 wrapCloseInAction)
   at Microsoft.Data.SqlClient.TdsParser.ThrowExceptionAndWarning(TdsParserStateObject stateObj, Boolean callerHasConnectionLock, Boolean asyncClose)
   at Microsoft.Data.SqlClient.TdsParser.TryRun(RunBehavior runBehavior, SqlCommand cmdHandler, SqlDataReader dataStream, BulkCopySimpleResultSet bulkCopyHandler, TdsParserStateObject stateObj, Boolean& dataReady)
   at Microsoft.Data.SqlClient.SqlDataReader.TryConsumeMetaData()
   at Microsoft.Data.SqlClient.SqlDataReader.get_MetaData()
   at Microsoft.Data.SqlClient.SqlCommand.FinishExecuteReader(SqlDataReader ds, RunBehavior runBehavior, String resetOptionsString, Boolean isInternal, Boolean forDescribeParameterEncryption, Boolean shouldCacheForAlwaysEncrypted)
   at Microsoft.Data.SqlClient.SqlCommand.RunExecuteReaderTds(CommandBehavior cmdBehavior, RunBehavior runBehavior, Boolean returnStream, Boolean isAsync, Int32 timeout, Task& task, Boolean asyncWrite, Boolean inRetry, SqlDataReader ds, Boolean describeParameterEncryptionRequest)
   at Microsoft.Data.SqlClient.SqlCommand.RunExecuteReader(CommandBehavior cmdBehavior, RunBehavior runBehavior, Boolean returnStream, TaskCompletionSource`1 completion, Int32 timeout, Task& task, Boolean& usedCache, Boolean asyncWrite, Boolean inRetry, String method)
   at Microsoft.Data.SqlClient.SqlCommand.ExecuteReader(CommandBehavior behavior)
   at Microsoft.Data.SqlClient.SqlCommand.ExecuteDbDataReader(CommandBehavior behavior)
   at Microsoft.EntityFrameworkCore.Storage.RelationalCommand.ExecuteReader(RelationalCommandParameterObject parameterObject)
   at Microsoft.EntityFrameworkCore.Query.Internal.SingleQueryingEnumerable`1.Enumerator.InitializeReader(Enumerator enumerator)
   at Microsoft.EntityFrameworkCore.SqlServer.Storage.Internal.SqlServerExecutionStrategy.Execute[TState,TResult](TState state, Func`3 operation, Func`3 verifySucceeded)
   at Microsoft.EntityFrameworkCore.Query.Internal.SingleQueryingEnumerable`1.Enumerator.MoveNext()
ClientConnectionId:9eca9103-ec5d-47fa-8f79-bac5a4bcd595
Error Number:208,State:1,Class:16
2023-08-04 15:27:08.7116||INFO|Microsoft.Hosting.Lifetime|Now listening on: https://localhost:7131 
2023-08-04 15:27:08.7543||INFO|Microsoft.Hosting.Lifetime|Now listening on: http://localhost:5146 
2023-08-04 15:27:08.7579||INFO|Microsoft.Hosting.Lifetime|Application started. Press Ctrl+C to shut down. 
2023-08-04 15:27:08.7579||INFO|Microsoft.Hosting.Lifetime|Hosting environment: Development 
2023-08-04 15:27:08.7579||INFO|Microsoft.Hosting.Lifetime|Content root path: D:\Masaüstü\RentACar\RentACar\RentACar.Api\ 
2023-08-04 15:27:09.4263||INFO|Microsoft.AspNetCore.Hosting.Diagnostics|Request starting HTTP/2 GET https://localhost:7131/swagger/index.html - - 
2023-08-04 15:27:09.6514||INFO|Microsoft.AspNetCore.Hosting.Diagnostics|Request finished HTTP/2 GET https://localhost:7131/swagger/index.html - - - 200 - text/html;charset=utf-8 227.4524ms 
2023-08-04 15:27:09.6633||INFO|Microsoft.AspNetCore.Hosting.Diagnostics|Request starting HTTP/2 GET https://localhost:7131/_framework/aspnetcore-browser-refresh.js - - 
2023-08-04 15:27:09.6633||INFO|Microsoft.AspNetCore.Hosting.Diagnostics|Request finished HTTP/2 GET https://localhost:7131/_framework/aspnetcore-browser-refresh.js - - - 200 11994 application/javascript;+charset=utf-8 3.4753ms 
2023-08-04 15:27:09.6926||INFO|Microsoft.AspNetCore.Hosting.Diagnostics|Request starting HTTP/2 GET https://localhost:7131/_vs/browserLink - - 
2023-08-04 15:27:09.7222||INFO|Microsoft.AspNetCore.Hosting.Diagnostics|Request finished HTTP/2 GET https://localhost:7131/_vs/browserLink - - - 200 - text/javascript;+charset=UTF-8 29.5019ms 
2023-08-04 15:27:09.7789||INFO|Microsoft.AspNetCore.Hosting.Diagnostics|Request starting HTTP/2 GET https://localhost:7131/swagger/v1/swagger.json - - 
2023-08-04 15:27:09.8473||INFO|Microsoft.AspNetCore.Hosting.Diagnostics|Request finished HTTP/2 GET https://localhost:7131/swagger/v1/swagger.json - - - 200 - application/json;charset=utf-8 68.4265ms 
2023-08-04 15:27:14.8921||INFO|Microsoft.AspNetCore.Hosting.Diagnostics|Request starting HTTP/2 GET https://localhost:7131/api/Sube/IlIçersindekiSubeler/1 - - 
2023-08-04 15:27:14.8955||INFO|Microsoft.AspNetCore.Routing.EndpointMiddleware|Executing endpoint 'RentACar.Api.Controllers.SubeController.SubeleriGetir (RentACar.Api)' 
2023-08-04 15:27:14.9167||INFO|Microsoft.AspNetCore.Mvc.Infrastructure.ControllerActionInvoker|Route matched with {action = "SubeleriGetir", controller = "Sube"}. Executing controller action with signature System.Object SubeleriGetir(Int32) on controller RentACar.Api.Controllers.SubeController (RentACar.Api). 
2023-08-04 15:27:15.6924||WARN|Microsoft.EntityFrameworkCore.Model.Validation|No store type was specified for the decimal property 'DepozitoUcret' on entity type 'Arac'. This will cause values to be silently truncated if they do not fit in the default precision and scale. Explicitly specify the SQL server column type that can accommodate all the values in 'OnModelCreating' using 'HasColumnType', specify precision and scale using 'HasPrecision', or configure a value converter using 'HasConversion'. 
2023-08-04 15:27:15.6924||WARN|Microsoft.EntityFrameworkCore.Model.Validation|No store type was specified for the decimal property 'Fiyat' on entity type 'Arac'. This will cause values to be silently truncated if they do not fit in the default precision and scale. Explicitly specify the SQL server column type that can accommodate all the values in 'OnModelCreating' using 'HasColumnType', specify precision and scale using 'HasPrecision', or configure a value converter using 'HasConversion'. 
2023-08-04 15:27:16.6114||INFO|Microsoft.EntityFrameworkCore.Database.Command|Executed DbCommand (63ms) [Parameters=[@__ilid_0='?' (DbType = Int32)], CommandType='Text', CommandTimeout='30']
SELECT [t].[Id], [t].[Ad], [t].[AdresId], [t].[AktifMi], [t].[MailAdress], [t].[TelNo]
FROM [tblSube] AS [t]
INNER JOIN (
    SELECT [t0].[Id], [t0].[MahalleId]
    FROM [tblBina] AS [t0]
    INNER JOIN [tblAdres] AS [t2] ON [t0].[Id] = [t2].[Id]
) AS [t1] ON [t].[AdresId] = [t1].[Id]
INNER JOIN [tblMahalle] AS [t3] ON [t1].[MahalleId] = [t3].[Id]
WHERE [t3].[Id] = @__ilid_0 
2023-08-04 15:27:16.6438||INFO|Microsoft.AspNetCore.Mvc.Infrastructure.ObjectResultExecutor|Executing ObjectResult, writing value of type '<>f__AnonymousType0`2[[System.Boolean, System.Private.CoreLib, Version=6.0.0.0, Culture=neutral, PublicKeyToken=7cec85d7bea7798e],[System.Collections.Generic.List`1[[RentACar.Model.Sube, RentACar.Model, Version=1.0.0.0, Culture=neutral, PublicKeyToken=null]], System.Private.CoreLib, Version=6.0.0.0, Culture=neutral, PublicKeyToken=7cec85d7bea7798e]]'. 
2023-08-04 15:27:16.6525||INFO|Microsoft.AspNetCore.Mvc.Infrastructure.ControllerActionInvoker|Executed action RentACar.Api.Controllers.SubeController.SubeleriGetir (RentACar.Api) in 1732.279ms 
2023-08-04 15:27:16.6525||INFO|Microsoft.AspNetCore.Routing.EndpointMiddleware|Executed endpoint 'RentACar.Api.Controllers.SubeController.SubeleriGetir (RentACar.Api)' 
2023-08-04 15:27:16.6642||INFO|Microsoft.AspNetCore.Hosting.Diagnostics|Request finished HTTP/2 GET https://localhost:7131/api/Sube/IlIçersindekiSubeler/1 - - - 200 - application/json;+charset=utf-8 1772.1132ms 
2023-08-04 15:28:24.3089||INFO|Microsoft.AspNetCore.Hosting.Diagnostics|Request starting HTTP/2 GET https://localhost:7131/api/Sube/IlIçersindekiSubeler/2 - - 
2023-08-04 15:28:24.3089||INFO|Microsoft.AspNetCore.Routing.EndpointMiddleware|Executing endpoint 'RentACar.Api.Controllers.SubeController.SubeleriGetir (RentACar.Api)' 
2023-08-04 15:28:24.3089||INFO|Microsoft.AspNetCore.Mvc.Infrastructure.ControllerActionInvoker|Route matched with {action = "SubeleriGetir", controller = "Sube"}. Executing controller action with signature System.Object SubeleriGetir(Int32) on controller RentACar.Api.Controllers.SubeController (RentACar.Api). 
2023-08-04 15:28:24.3259||INFO|Microsoft.EntityFrameworkCore.Database.Command|Executed DbCommand (2ms) [Parameters=[@__ilid_0='?' (DbType = Int32)], CommandType='Text', CommandTimeout='30']
SELECT [t].[Id], [t].[Ad], [t].[AdresId], [t].[AktifMi], [t].[MailAdress], [t].[TelNo]
FROM [tblSube] AS [t]
INNER JOIN (
    SELECT [t0].[Id], [t0].[MahalleId]
    FROM [tblBina] AS [t0]
    INNER JOIN [tblAdres] AS [t2] ON [t0].[Id] = [t2].[Id]
) AS [t1] ON [t].[AdresId] = [t1].[Id]
INNER JOIN [tblMahalle] AS [t3] ON [t1].[MahalleId] = [t3].[Id]
WHERE [t3].[Id] = @__ilid_0 
2023-08-04 15:28:24.3259||INFO|Microsoft.AspNetCore.Mvc.Infrastructure.ObjectResultExecutor|Executing ObjectResult, writing value of type '<>f__AnonymousType0`2[[System.Boolean, System.Private.CoreLib, Version=6.0.0.0, Culture=neutral, PublicKeyToken=7cec85d7bea7798e],[System.Collections.Generic.List`1[[RentACar.Model.Sube, RentACar.Model, Version=1.0.0.0, Culture=neutral, PublicKeyToken=null]], System.Private.CoreLib, Version=6.0.0.0, Culture=neutral, PublicKeyToken=7cec85d7bea7798e]]'. 
2023-08-04 15:28:24.3259||INFO|Microsoft.AspNetCore.Mvc.Infrastructure.ControllerActionInvoker|Executed action RentACar.Api.Controllers.SubeController.SubeleriGetir (RentACar.Api) in 14.0651ms 
2023-08-04 15:28:24.3259||INFO|Microsoft.AspNetCore.Routing.EndpointMiddleware|Executed endpoint 'RentACar.Api.Controllers.SubeController.SubeleriGetir (RentACar.Api)' 
2023-08-04 15:28:24.3259||INFO|Microsoft.AspNetCore.Hosting.Diagnostics|Request finished HTTP/2 GET https://localhost:7131/api/Sube/IlIçersindekiSubeler/2 - - - 200 - application/json;+charset=utf-8 18.3055ms 
2023-08-04 15:30:00.0471||INFO|Microsoft.AspNetCore.Hosting.Diagnostics|Request starting HTTP/2 GET https://localhost:7131/api/Sube/IlIçersindekiSubeler/3 - - 
2023-08-04 15:30:00.0471||INFO|Microsoft.AspNetCore.Routing.EndpointMiddleware|Executing endpoint 'RentACar.Api.Controllers.SubeController.SubeleriGetir (RentACar.Api)' 
2023-08-04 15:30:00.0535||INFO|Microsoft.AspNetCore.Mvc.Infrastructure.ControllerActionInvoker|Route matched with {action = "SubeleriGetir", controller = "Sube"}. Executing controller action with signature System.Object SubeleriGetir(Int32) on controller RentACar.Api.Controllers.SubeController (RentACar.Api). 
2023-08-04 15:30:00.0915||INFO|Microsoft.EntityFrameworkCore.Database.Command|Executed DbCommand (0ms) [Parameters=[@__ilid_0='?' (DbType = Int32)], CommandType='Text', CommandTimeout='30']
SELECT [t].[Id], [t].[Ad], [t].[AdresId], [t].[AktifMi], [t].[MailAdress], [t].[TelNo]
FROM [tblSube] AS [t]
INNER JOIN (
    SELECT [t0].[Id], [t0].[MahalleId]
    FROM [tblBina] AS [t0]
    INNER JOIN [tblAdres] AS [t2] ON [t0].[Id] = [t2].[Id]
) AS [t1] ON [t].[AdresId] = [t1].[Id]
INNER JOIN [tblMahalle] AS [t3] ON [t1].[MahalleId] = [t3].[Id]
WHERE [t3].[Id] = @__ilid_0 
2023-08-04 15:30:00.0915||INFO|Microsoft.AspNetCore.Mvc.Infrastructure.ObjectResultExecutor|Executing ObjectResult, writing value of type '<>f__AnonymousType0`2[[System.Boolean, System.Private.CoreLib, Version=6.0.0.0, Culture=neutral, PublicKeyToken=7cec85d7bea7798e],[System.Collections.Generic.List`1[[RentACar.Model.Sube, RentACar.Model, Version=1.0.0.0, Culture=neutral, PublicKeyToken=null]], System.Private.CoreLib, Version=6.0.0.0, Culture=neutral, PublicKeyToken=7cec85d7bea7798e]]'. 
2023-08-04 15:30:00.0915||INFO|Microsoft.AspNetCore.Mvc.Infrastructure.ControllerActionInvoker|Executed action RentACar.Api.Controllers.SubeController.SubeleriGetir (RentACar.Api) in 38.2153ms 
2023-08-04 15:30:00.0915||INFO|Microsoft.AspNetCore.Routing.EndpointMiddleware|Executed endpoint 'RentACar.Api.Controllers.SubeController.SubeleriGetir (RentACar.Api)' 
2023-08-04 15:30:00.0915||INFO|Microsoft.AspNetCore.Hosting.Diagnostics|Request finished HTTP/2 GET https://localhost:7131/api/Sube/IlIçersindekiSubeler/3 - - - 200 - application/json;+charset=utf-8 45.8845ms 
2023-08-04 15:31:02.5276||INFO|Microsoft.Hosting.Lifetime|Now listening on: https://localhost:7131 
2023-08-04 15:31:02.5675||INFO|Microsoft.Hosting.Lifetime|Now listening on: http://localhost:5146 
2023-08-04 15:31:02.5675||INFO|Microsoft.Hosting.Lifetime|Application started. Press Ctrl+C to shut down. 
2023-08-04 15:31:02.5675||INFO|Microsoft.Hosting.Lifetime|Hosting environment: Development 
2023-08-04 15:31:02.5675||INFO|Microsoft.Hosting.Lifetime|Content root path: D:\Masaüstü\RentACar\RentACar\RentACar.Api\ 
2023-08-04 15:31:03.1504||INFO|Microsoft.AspNetCore.Hosting.Diagnostics|Request starting HTTP/2 GET https://localhost:7131/swagger/index.html - - 
2023-08-04 15:31:03.4331||INFO|Microsoft.AspNetCore.Hosting.Diagnostics|Request finished HTTP/2 GET https://localhost:7131/swagger/index.html - - - 200 - text/html;charset=utf-8 284.9545ms 
2023-08-04 15:31:03.4331||INFO|Microsoft.AspNetCore.Hosting.Diagnostics|Request starting HTTP/2 GET https://localhost:7131/_framework/aspnetcore-browser-refresh.js - - 
2023-08-04 15:31:03.4429||INFO|Microsoft.AspNetCore.Hosting.Diagnostics|Request finished HTTP/2 GET https://localhost:7131/_framework/aspnetcore-browser-refresh.js - - - 200 11994 application/javascript;+charset=utf-8 3.0817ms 
2023-08-04 15:31:03.4750||INFO|Microsoft.AspNetCore.Hosting.Diagnostics|Request starting HTTP/2 GET https://localhost:7131/_vs/browserLink - - 
2023-08-04 15:31:03.4916||INFO|Microsoft.AspNetCore.Hosting.Diagnostics|Request finished HTTP/2 GET https://localhost:7131/_vs/browserLink - - - 200 - text/javascript;+charset=UTF-8 16.6126ms 
2023-08-04 15:31:03.5543||INFO|Microsoft.AspNetCore.Hosting.Diagnostics|Request starting HTTP/2 GET https://localhost:7131/swagger/v1/swagger.json - - 
2023-08-04 15:31:03.6289||INFO|Microsoft.AspNetCore.Hosting.Diagnostics|Request finished HTTP/2 GET https://localhost:7131/swagger/v1/swagger.json - - - 200 - application/json;charset=utf-8 74.5812ms 
2023-08-04 15:31:08.8410||INFO|Microsoft.AspNetCore.Hosting.Diagnostics|Request starting HTTP/2 GET https://localhost:7131/api/Sube/IlIçersindekiSubeler/1 - - 
2023-08-04 15:31:08.8410||INFO|Microsoft.AspNetCore.Routing.EndpointMiddleware|Executing endpoint 'RentACar.Api.Controllers.SubeController.SubeleriGetir (RentACar.Api)' 
2023-08-04 15:31:08.8646||INFO|Microsoft.AspNetCore.Mvc.Infrastructure.ControllerActionInvoker|Route matched with {action = "SubeleriGetir", controller = "Sube"}. Executing controller action with signature System.Object SubeleriGetir(Int32) on controller RentACar.Api.Controllers.SubeController (RentACar.Api). 
2023-08-04 15:31:09.6450||WARN|Microsoft.EntityFrameworkCore.Model.Validation|No store type was specified for the decimal property 'DepozitoUcret' on entity type 'Arac'. This will cause values to be silently truncated if they do not fit in the default precision and scale. Explicitly specify the SQL server column type that can accommodate all the values in 'OnModelCreating' using 'HasColumnType', specify precision and scale using 'HasPrecision', or configure a value converter using 'HasConversion'. 
2023-08-04 15:31:09.6450||WARN|Microsoft.EntityFrameworkCore.Model.Validation|No store type was specified for the decimal property 'Fiyat' on entity type 'Arac'. This will cause values to be silently truncated if they do not fit in the default precision and scale. Explicitly specify the SQL server column type that can accommodate all the values in 'OnModelCreating' using 'HasColumnType', specify precision and scale using 'HasPrecision', or configure a value converter using 'HasConversion'. 
2023-08-04 15:31:10.5691||ERROR|Microsoft.EntityFrameworkCore.Database.Command|Failed executing DbCommand (57ms) [Parameters=[@__ilid_0='?' (DbType = Int32)], CommandType='Text', CommandTimeout='30']
SELECT [t].[Id], [t].[Ad], [t].[AdresId], [t].[AktifMi], [t].[MailAdress], [t].[TelNo]
FROM [tblSube] AS [t]
INNER JOIN (
    SELECT [t0].[Id], [t0].[MahalleId]
    FROM [tblBina] AS [t0]
    INNER JOIN [tblAdres] AS [t2] ON [t0].[Id] = [t2].[Id]
) AS [t1] ON [t].[AdresId] = [t1].[Id]
INNER JOIN [tblMahalle] AS [t3] ON [t1].[MahalleId] = [t3].[Id]
INNER JOIN [tblIlce] AS [t4] ON [t3].[IlceId] = [t4].[Id]
WHERE [t4].[Id] = @__ilid_0 
2023-08-04 15:31:10.5986||ERROR|Microsoft.EntityFrameworkCore.Query|An exception occurred while iterating over the results of a query for context type 'RentACar.Repository.RepositoryContext'.
Microsoft.Data.SqlClient.SqlException (0x80131904): Invalid object name 'tblIlce'.
   at Microsoft.Data.SqlClient.SqlConnection.OnError(SqlException exception, Boolean breakConnection, Action`1 wrapCloseInAction)
   at Microsoft.Data.SqlClient.TdsParser.ThrowExceptionAndWarning(TdsParserStateObject stateObj, Boolean callerHasConnectionLock, Boolean asyncClose)
   at Microsoft.Data.SqlClient.TdsParser.TryRun(RunBehavior runBehavior, SqlCommand cmdHandler, SqlDataReader dataStream, BulkCopySimpleResultSet bulkCopyHandler, TdsParserStateObject stateObj, Boolean& dataReady)
   at Microsoft.Data.SqlClient.SqlDataReader.TryConsumeMetaData()
   at Microsoft.Data.SqlClient.SqlDataReader.get_MetaData()
   at Microsoft.Data.SqlClient.SqlCommand.FinishExecuteReader(SqlDataReader ds, RunBehavior runBehavior, String resetOptionsString, Boolean isInternal, Boolean forDescribeParameterEncryption, Boolean shouldCacheForAlwaysEncrypted)
   at Microsoft.Data.SqlClient.SqlCommand.RunExecuteReaderTds(CommandBehavior cmdBehavior, RunBehavior runBehavior, Boolean returnStream, Boolean isAsync, Int32 timeout, Task& task, Boolean asyncWrite, Boolean inRetry, SqlDataReader ds, Boolean describeParameterEncryptionRequest)
   at Microsoft.Data.SqlClient.SqlCommand.RunExecuteReader(CommandBehavior cmdBehavior, RunBehavior runBehavior, Boolean returnStream, TaskCompletionSource`1 completion, Int32 timeout, Task& task, Boolean& usedCache, Boolean asyncWrite, Boolean inRetry, String method)
   at Microsoft.Data.SqlClient.SqlCommand.ExecuteReader(CommandBehavior behavior)
   at Microsoft.Data.SqlClient.SqlCommand.ExecuteDbDataReader(CommandBehavior behavior)
   at Microsoft.EntityFrameworkCore.Storage.RelationalCommand.ExecuteReader(RelationalCommandParameterObject parameterObject)
   at Microsoft.EntityFrameworkCore.Query.Internal.SingleQueryingEnumerable`1.Enumerator.InitializeReader(Enumerator enumerator)
   at Microsoft.EntityFrameworkCore.SqlServer.Storage.Internal.SqlServerExecutionStrategy.Execute[TState,TResult](TState state, Func`3 operation, Func`3 verifySucceeded)
   at Microsoft.EntityFrameworkCore.Query.Internal.SingleQueryingEnumerable`1.Enumerator.MoveNext()
ClientConnectionId:398500f6-baff-48c7-a454-b0aca301c21a
Error Number:208,State:1,Class:16 Microsoft.Data.SqlClient.SqlException (0x80131904): Invalid object name 'tblIlce'.
   at Microsoft.Data.SqlClient.SqlConnection.OnError(SqlException exception, Boolean breakConnection, Action`1 wrapCloseInAction)
   at Microsoft.Data.SqlClient.TdsParser.ThrowExceptionAndWarning(TdsParserStateObject stateObj, Boolean callerHasConnectionLock, Boolean asyncClose)
   at Microsoft.Data.SqlClient.TdsParser.TryRun(RunBehavior runBehavior, SqlCommand cmdHandler, SqlDataReader dataStream, BulkCopySimpleResultSet bulkCopyHandler, TdsParserStateObject stateObj, Boolean& dataReady)
   at Microsoft.Data.SqlClient.SqlDataReader.TryConsumeMetaData()
   at Microsoft.Data.SqlClient.SqlDataReader.get_MetaData()
   at Microsoft.Data.SqlClient.SqlCommand.FinishExecuteReader(SqlDataReader ds, RunBehavior runBehavior, String resetOptionsString, Boolean isInternal, Boolean forDescribeParameterEncryption, Boolean shouldCacheForAlwaysEncrypted)
   at Microsoft.Data.SqlClient.SqlCommand.RunExecuteReaderTds(CommandBehavior cmdBehavior, RunBehavior runBehavior, Boolean returnStream, Boolean isAsync, Int32 timeout, Task& task, Boolean asyncWrite, Boolean inRetry, SqlDataReader ds, Boolean describeParameterEncryptionRequest)
   at Microsoft.Data.SqlClient.SqlCommand.RunExecuteReader(CommandBehavior cmdBehavior, RunBehavior runBehavior, Boolean returnStream, TaskCompletionSource`1 completion, Int32 timeout, Task& task, Boolean& usedCache, Boolean asyncWrite, Boolean inRetry, String method)
   at Microsoft.Data.SqlClient.SqlCommand.ExecuteReader(CommandBehavior behavior)
   at Microsoft.Data.SqlClient.SqlCommand.ExecuteDbDataReader(CommandBehavior behavior)
   at Microsoft.EntityFrameworkCore.Storage.RelationalCommand.ExecuteReader(RelationalCommandParameterObject parameterObject)
   at Microsoft.EntityFrameworkCore.Query.Internal.SingleQueryingEnumerable`1.Enumerator.InitializeReader(Enumerator enumerator)
   at Microsoft.EntityFrameworkCore.SqlServer.Storage.Internal.SqlServerExecutionStrategy.Execute[TState,TResult](TState state, Func`3 operation, Func`3 verifySucceeded)
   at Microsoft.EntityFrameworkCore.Query.Internal.SingleQueryingEnumerable`1.Enumerator.MoveNext()
ClientConnectionId:398500f6-baff-48c7-a454-b0aca301c21a
Error Number:208,State:1,Class:16
2023-08-04 15:32:22.4922||INFO|Microsoft.Hosting.Lifetime|Now listening on: https://localhost:7131 
2023-08-04 15:32:22.5334||INFO|Microsoft.Hosting.Lifetime|Now listening on: http://localhost:5146 
2023-08-04 15:32:22.5367||INFO|Microsoft.Hosting.Lifetime|Application started. Press Ctrl+C to shut down. 
2023-08-04 15:32:22.5367||INFO|Microsoft.Hosting.Lifetime|Hosting environment: Development 
2023-08-04 15:32:22.5367||INFO|Microsoft.Hosting.Lifetime|Content root path: D:\Masaüstü\RentACar\RentACar\RentACar.Api\ 
2023-08-04 15:32:23.0885||INFO|Microsoft.AspNetCore.Hosting.Diagnostics|Request starting HTTP/2 GET https://localhost:7131/swagger/index.html - - 
2023-08-04 15:32:23.2998||INFO|Microsoft.AspNetCore.Hosting.Diagnostics|Request finished HTTP/2 GET https://localhost:7131/swagger/index.html - - - 200 - text/html;charset=utf-8 213.2155ms 
2023-08-04 15:32:23.3070||INFO|Microsoft.AspNetCore.Hosting.Diagnostics|Request starting HTTP/2 GET https://localhost:7131/_framework/aspnetcore-browser-refresh.js - - 
2023-08-04 15:32:23.3070||INFO|Microsoft.AspNetCore.Hosting.Diagnostics|Request finished HTTP/2 GET https://localhost:7131/_framework/aspnetcore-browser-refresh.js - - - 200 11994 application/javascript;+charset=utf-8 3.0948ms 
2023-08-04 15:32:23.3401||INFO|Microsoft.AspNetCore.Hosting.Diagnostics|Request starting HTTP/2 GET https://localhost:7131/_vs/browserLink - - 
2023-08-04 15:32:23.3559||INFO|Microsoft.AspNetCore.Hosting.Diagnostics|Request finished HTTP/2 GET https://localhost:7131/_vs/browserLink - - - 200 - text/javascript;+charset=UTF-8 15.8265ms 
2023-08-04 15:32:23.4214||INFO|Microsoft.AspNetCore.Hosting.Diagnostics|Request starting HTTP/2 GET https://localhost:7131/swagger/v1/swagger.json - - 
2023-08-04 15:32:23.4877||INFO|Microsoft.AspNetCore.Hosting.Diagnostics|Request finished HTTP/2 GET https://localhost:7131/swagger/v1/swagger.json - - - 200 - application/json;charset=utf-8 66.3050ms 
2023-08-04 15:32:29.4352||INFO|Microsoft.AspNetCore.Hosting.Diagnostics|Request starting HTTP/2 GET https://localhost:7131/api/Sube/IlIçersindekiSubeler/1 - - 
2023-08-04 15:32:29.4352||INFO|Microsoft.AspNetCore.Routing.EndpointMiddleware|Executing endpoint 'RentACar.Api.Controllers.SubeController.SubeleriGetir (RentACar.Api)' 
2023-08-04 15:32:29.4593||INFO|Microsoft.AspNetCore.Mvc.Infrastructure.ControllerActionInvoker|Route matched with {action = "SubeleriGetir", controller = "Sube"}. Executing controller action with signature System.Object SubeleriGetir(Int32) on controller RentACar.Api.Controllers.SubeController (RentACar.Api). 
2023-08-04 15:32:30.2790||WARN|Microsoft.EntityFrameworkCore.Model.Validation|No store type was specified for the decimal property 'DepozitoUcret' on entity type 'Arac'. This will cause values to be silently truncated if they do not fit in the default precision and scale. Explicitly specify the SQL server column type that can accommodate all the values in 'OnModelCreating' using 'HasColumnType', specify precision and scale using 'HasPrecision', or configure a value converter using 'HasConversion'. 
2023-08-04 15:32:30.2790||WARN|Microsoft.EntityFrameworkCore.Model.Validation|No store type was specified for the decimal property 'Fiyat' on entity type 'Arac'. This will cause values to be silently truncated if they do not fit in the default precision and scale. Explicitly specify the SQL server column type that can accommodate all the values in 'OnModelCreating' using 'HasColumnType', specify precision and scale using 'HasPrecision', or configure a value converter using 'HasConversion'. 
2023-08-04 15:32:31.2092||INFO|Microsoft.EntityFrameworkCore.Database.Command|Executed DbCommand (54ms) [Parameters=[@__ilid_0='?' (DbType = Int32)], CommandType='Text', CommandTimeout='30']
SELECT [t].[Id], [t].[Ad], [t].[AdresId], [t].[AktifMi], [t].[MailAdress], [t].[TelNo]
FROM [tblSube] AS [t]
INNER JOIN (
    SELECT [t0].[Id], [t0].[MahalleId]
    FROM [tblBina] AS [t0]
    INNER JOIN [tblAdres] AS [t2] ON [t0].[Id] = [t2].[Id]
) AS [t1] ON [t].[AdresId] = [t1].[Id]
INNER JOIN [tblMahalle] AS [t3] ON [t1].[MahalleId] = [t3].[Id]
INNER JOIN [tblIce] AS [t4] ON [t3].[IlceId] = [t4].[Id]
WHERE [t4].[Id] = @__ilid_0 
2023-08-04 15:32:31.2416||INFO|Microsoft.AspNetCore.Mvc.Infrastructure.ObjectResultExecutor|Executing ObjectResult, writing value of type '<>f__AnonymousType0`2[[System.Boolean, System.Private.CoreLib, Version=6.0.0.0, Culture=neutral, PublicKeyToken=7cec85d7bea7798e],[System.Collections.Generic.List`1[[RentACar.Model.Sube, RentACar.Model, Version=1.0.0.0, Culture=neutral, PublicKeyToken=null]], System.Private.CoreLib, Version=6.0.0.0, Culture=neutral, PublicKeyToken=7cec85d7bea7798e]]'. 
2023-08-04 15:32:31.2416||INFO|Microsoft.AspNetCore.Mvc.Infrastructure.ControllerActionInvoker|Executed action RentACar.Api.Controllers.SubeController.SubeleriGetir (RentACar.Api) in 1787.7975ms 
2023-08-04 15:32:31.2416||INFO|Microsoft.AspNetCore.Routing.EndpointMiddleware|Executed endpoint 'RentACar.Api.Controllers.SubeController.SubeleriGetir (RentACar.Api)' 
2023-08-04 15:32:31.2620||INFO|Microsoft.AspNetCore.Hosting.Diagnostics|Request finished HTTP/2 GET https://localhost:7131/api/Sube/IlIçersindekiSubeler/1 - - - 200 - application/json;+charset=utf-8 1826.7435ms 
2023-08-04 15:34:47.9840||INFO|Microsoft.Hosting.Lifetime|Now listening on: https://localhost:7131 
2023-08-04 15:34:48.0222||INFO|Microsoft.Hosting.Lifetime|Now listening on: http://localhost:5146 
2023-08-04 15:34:48.0222||INFO|Microsoft.Hosting.Lifetime|Application started. Press Ctrl+C to shut down. 
2023-08-04 15:34:48.0222||INFO|Microsoft.Hosting.Lifetime|Hosting environment: Development 
2023-08-04 15:34:48.0222||INFO|Microsoft.Hosting.Lifetime|Content root path: D:\Masaüstü\RentACar\RentACar\RentACar.Api\ 
2023-08-04 15:34:48.6447||INFO|Microsoft.AspNetCore.Hosting.Diagnostics|Request starting HTTP/2 GET https://localhost:7131/swagger/index.html - - 
2023-08-04 15:34:48.8660||INFO|Microsoft.AspNetCore.Hosting.Diagnostics|Request finished HTTP/2 GET https://localhost:7131/swagger/index.html - - - 200 - text/html;charset=utf-8 223.3833ms 
2023-08-04 15:34:48.8660||INFO|Microsoft.AspNetCore.Hosting.Diagnostics|Request starting HTTP/2 GET https://localhost:7131/_framework/aspnetcore-browser-refresh.js - - 
2023-08-04 15:34:48.8660||INFO|Microsoft.AspNetCore.Hosting.Diagnostics|Request finished HTTP/2 GET https://localhost:7131/_framework/aspnetcore-browser-refresh.js - - - 200 11994 application/javascript;+charset=utf-8 7.1980ms 
2023-08-04 15:34:48.9067||INFO|Microsoft.AspNetCore.Hosting.Diagnostics|Request starting HTTP/2 GET https://localhost:7131/_vs/browserLink - - 
2023-08-04 15:34:48.9212||INFO|Microsoft.AspNetCore.Hosting.Diagnostics|Request finished HTTP/2 GET https://localhost:7131/_vs/browserLink - - - 200 - text/javascript;+charset=UTF-8 14.4263ms 
2023-08-04 15:34:48.9874||INFO|Microsoft.AspNetCore.Hosting.Diagnostics|Request starting HTTP/2 GET https://localhost:7131/swagger/v1/swagger.json - - 
2023-08-04 15:34:49.0564||INFO|Microsoft.AspNetCore.Hosting.Diagnostics|Request finished HTTP/2 GET https://localhost:7131/swagger/v1/swagger.json - - - 200 - application/json;charset=utf-8 68.9255ms 
2023-08-04 15:34:57.2201||INFO|Microsoft.AspNetCore.Hosting.Diagnostics|Request starting HTTP/2 GET https://localhost:7131/api/Sube/IlIçersindekiSubeler/1 - - 
2023-08-04 15:34:57.2201||INFO|Microsoft.AspNetCore.Routing.EndpointMiddleware|Executing endpoint 'RentACar.Api.Controllers.SubeController.SubeleriGetir (RentACar.Api)' 
2023-08-04 15:34:57.2442||INFO|Microsoft.AspNetCore.Mvc.Infrastructure.ControllerActionInvoker|Route matched with {action = "SubeleriGetir", controller = "Sube"}. Executing controller action with signature System.Object SubeleriGetir(Int32) on controller RentACar.Api.Controllers.SubeController (RentACar.Api). 
2023-08-04 15:34:58.0683||WARN|Microsoft.EntityFrameworkCore.Model.Validation|No store type was specified for the decimal property 'DepozitoUcret' on entity type 'Arac'. This will cause values to be silently truncated if they do not fit in the default precision and scale. Explicitly specify the SQL server column type that can accommodate all the values in 'OnModelCreating' using 'HasColumnType', specify precision and scale using 'HasPrecision', or configure a value converter using 'HasConversion'. 
2023-08-04 15:34:58.0683||WARN|Microsoft.EntityFrameworkCore.Model.Validation|No store type was specified for the decimal property 'Fiyat' on entity type 'Arac'. This will cause values to be silently truncated if they do not fit in the default precision and scale. Explicitly specify the SQL server column type that can accommodate all the values in 'OnModelCreating' using 'HasColumnType', specify precision and scale using 'HasPrecision', or configure a value converter using 'HasConversion'. 
2023-08-04 15:34:59.0142||INFO|Microsoft.EntityFrameworkCore.Database.Command|Executed DbCommand (63ms) [Parameters=[@__ilid_0='?' (DbType = Int32)], CommandType='Text', CommandTimeout='30']
SELECT [t].[Id], [t].[Ad], [t].[AdresId], [t].[AktifMi], [t].[MailAdress], [t].[TelNo]
FROM [tblSube] AS [t]
INNER JOIN (
    SELECT [t0].[Id], [t0].[MahalleId]
    FROM [tblBina] AS [t0]
    INNER JOIN [tblAdres] AS [t2] ON [t0].[Id] = [t2].[Id]
) AS [t1] ON [t].[AdresId] = [t1].[Id]
INNER JOIN [tblMahalle] AS [t3] ON [t1].[MahalleId] = [t3].[Id]
INNER JOIN [tblIce] AS [t4] ON [t3].[IlceId] = [t4].[Id]
INNER JOIN [tblSehir] AS [t5] ON [t4].[SehirId] = [t5].[Id]
WHERE [t5].[Id] = @__ilid_0 
2023-08-04 15:34:59.0400||INFO|Microsoft.AspNetCore.Mvc.Infrastructure.ObjectResultExecutor|Executing ObjectResult, writing value of type '<>f__AnonymousType0`2[[System.Boolean, System.Private.CoreLib, Version=6.0.0.0, Culture=neutral, PublicKeyToken=7cec85d7bea7798e],[System.Collections.Generic.List`1[[RentACar.Model.Sube, RentACar.Model, Version=1.0.0.0, Culture=neutral, PublicKeyToken=null]], System.Private.CoreLib, Version=6.0.0.0, Culture=neutral, PublicKeyToken=7cec85d7bea7798e]]'. 
2023-08-04 15:34:59.0400||INFO|Microsoft.AspNetCore.Mvc.Infrastructure.ControllerActionInvoker|Executed action RentACar.Api.Controllers.SubeController.SubeleriGetir (RentACar.Api) in 1800.4123ms 
2023-08-04 15:34:59.0400||INFO|Microsoft.AspNetCore.Routing.EndpointMiddleware|Executed endpoint 'RentACar.Api.Controllers.SubeController.SubeleriGetir (RentACar.Api)' 
2023-08-04 15:34:59.0598||INFO|Microsoft.AspNetCore.Hosting.Diagnostics|Request finished HTTP/2 GET https://localhost:7131/api/Sube/IlIçersindekiSubeler/1 - - - 200 - application/json;+charset=utf-8 1839.7441ms 
2023-08-04 15:35:14.3914||INFO|Microsoft.AspNetCore.Hosting.Diagnostics|Request starting HTTP/2 GET https://localhost:7131/api/Sube/IlIçersindekiSubeler/19 - - 
2023-08-04 15:35:14.3914||INFO|Microsoft.AspNetCore.Routing.EndpointMiddleware|Executing endpoint 'RentACar.Api.Controllers.SubeController.SubeleriGetir (RentACar.Api)' 
2023-08-04 15:35:14.3914||INFO|Microsoft.AspNetCore.Mvc.Infrastructure.ControllerActionInvoker|Route matched with {action = "SubeleriGetir", controller = "Sube"}. Executing controller action with signature System.Object SubeleriGetir(Int32) on controller RentACar.Api.Controllers.SubeController (RentACar.Api). 
2023-08-04 15:35:14.4039||INFO|Microsoft.EntityFrameworkCore.Database.Command|Executed DbCommand (2ms) [Parameters=[@__ilid_0='?' (DbType = Int32)], CommandType='Text', CommandTimeout='30']
SELECT [t].[Id], [t].[Ad], [t].[AdresId], [t].[AktifMi], [t].[MailAdress], [t].[TelNo]
FROM [tblSube] AS [t]
INNER JOIN (
    SELECT [t0].[Id], [t0].[MahalleId]
    FROM [tblBina] AS [t0]
    INNER JOIN [tblAdres] AS [t2] ON [t0].[Id] = [t2].[Id]
) AS [t1] ON [t].[AdresId] = [t1].[Id]
INNER JOIN [tblMahalle] AS [t3] ON [t1].[MahalleId] = [t3].[Id]
INNER JOIN [tblIce] AS [t4] ON [t3].[IlceId] = [t4].[Id]
INNER JOIN [tblSehir] AS [t5] ON [t4].[SehirId] = [t5].[Id]
WHERE [t5].[Id] = @__ilid_0 
2023-08-04 15:35:14.4111||INFO|Microsoft.AspNetCore.Mvc.Infrastructure.ObjectResultExecutor|Executing ObjectResult, writing value of type '<>f__AnonymousType0`2[[System.Boolean, System.Private.CoreLib, Version=6.0.0.0, Culture=neutral, PublicKeyToken=7cec85d7bea7798e],[System.Collections.Generic.List`1[[RentACar.Model.Sube, RentACar.Model, Version=1.0.0.0, Culture=neutral, PublicKeyToken=null]], System.Private.CoreLib, Version=6.0.0.0, Culture=neutral, PublicKeyToken=7cec85d7bea7798e]]'. 
2023-08-04 15:35:14.4111||INFO|Microsoft.AspNetCore.Mvc.Infrastructure.ControllerActionInvoker|Executed action RentACar.Api.Controllers.SubeController.SubeleriGetir (RentACar.Api) in 19.0622ms 
2023-08-04 15:35:14.4111||INFO|Microsoft.AspNetCore.Routing.EndpointMiddleware|Executed endpoint 'RentACar.Api.Controllers.SubeController.SubeleriGetir (RentACar.Api)' 
2023-08-04 15:35:14.4111||INFO|Microsoft.AspNetCore.Hosting.Diagnostics|Request finished HTTP/2 GET https://localhost:7131/api/Sube/IlIçersindekiSubeler/19 - - - 200 - application/json;+charset=utf-8 21.2679ms 
2023-08-04 15:35:23.9949||INFO|Microsoft.AspNetCore.Hosting.Diagnostics|Request starting HTTP/2 GET https://localhost:7131/api/Sube/IlIçersindekiSubeler/34 - - 
2023-08-04 15:35:23.9949||INFO|Microsoft.AspNetCore.Routing.EndpointMiddleware|Executing endpoint 'RentACar.Api.Controllers.SubeController.SubeleriGetir (RentACar.Api)' 
2023-08-04 15:35:23.9949||INFO|Microsoft.AspNetCore.Mvc.Infrastructure.ControllerActionInvoker|Route matched with {action = "SubeleriGetir", controller = "Sube"}. Executing controller action with signature System.Object SubeleriGetir(Int32) on controller RentACar.Api.Controllers.SubeController (RentACar.Api). 
2023-08-04 15:35:24.0353||INFO|Microsoft.EntityFrameworkCore.Database.Command|Executed DbCommand (1ms) [Parameters=[@__ilid_0='?' (DbType = Int32)], CommandType='Text', CommandTimeout='30']
SELECT [t].[Id], [t].[Ad], [t].[AdresId], [t].[AktifMi], [t].[MailAdress], [t].[TelNo]
FROM [tblSube] AS [t]
INNER JOIN (
    SELECT [t0].[Id], [t0].[MahalleId]
    FROM [tblBina] AS [t0]
    INNER JOIN [tblAdres] AS [t2] ON [t0].[Id] = [t2].[Id]
) AS [t1] ON [t].[AdresId] = [t1].[Id]
INNER JOIN [tblMahalle] AS [t3] ON [t1].[MahalleId] = [t3].[Id]
INNER JOIN [tblIce] AS [t4] ON [t3].[IlceId] = [t4].[Id]
INNER JOIN [tblSehir] AS [t5] ON [t4].[SehirId] = [t5].[Id]
WHERE [t5].[Id] = @__ilid_0 
2023-08-04 15:35:24.0362||INFO|Microsoft.AspNetCore.Mvc.Infrastructure.ObjectResultExecutor|Executing ObjectResult, writing value of type '<>f__AnonymousType0`2[[System.Boolean, System.Private.CoreLib, Version=6.0.0.0, Culture=neutral, PublicKeyToken=7cec85d7bea7798e],[System.Collections.Generic.List`1[[RentACar.Model.Sube, RentACar.Model, Version=1.0.0.0, Culture=neutral, PublicKeyToken=null]], System.Private.CoreLib, Version=6.0.0.0, Culture=neutral, PublicKeyToken=7cec85d7bea7798e]]'. 
2023-08-04 15:35:24.0362||INFO|Microsoft.AspNetCore.Mvc.Infrastructure.ControllerActionInvoker|Executed action RentACar.Api.Controllers.SubeController.SubeleriGetir (RentACar.Api) in 40.8047ms 
2023-08-04 15:35:24.0362||INFO|Microsoft.AspNetCore.Routing.EndpointMiddleware|Executed endpoint 'RentACar.Api.Controllers.SubeController.SubeleriGetir (RentACar.Api)' 
2023-08-04 15:35:24.0362||INFO|Microsoft.AspNetCore.Hosting.Diagnostics|Request finished HTTP/2 GET https://localhost:7131/api/Sube/IlIçersindekiSubeler/34 - - - 200 - application/json;+charset=utf-8 41.8630ms 
2023-08-04 15:35:28.9709||INFO|Microsoft.AspNetCore.Hosting.Diagnostics|Request starting HTTP/2 GET https://localhost:7131/api/Sube/IlIçersindekiSubeler/19 - - 
2023-08-04 15:35:28.9709||INFO|Microsoft.AspNetCore.Routing.EndpointMiddleware|Executing endpoint 'RentACar.Api.Controllers.SubeController.SubeleriGetir (RentACar.Api)' 
2023-08-04 15:35:28.9709||INFO|Microsoft.AspNetCore.Mvc.Infrastructure.ControllerActionInvoker|Route matched with {action = "SubeleriGetir", controller = "Sube"}. Executing controller action with signature System.Object SubeleriGetir(Int32) on controller RentACar.Api.Controllers.SubeController (RentACar.Api). 
2023-08-04 15:35:28.9733||INFO|Microsoft.EntityFrameworkCore.Database.Command|Executed DbCommand (1ms) [Parameters=[@__ilid_0='?' (DbType = Int32)], CommandType='Text', CommandTimeout='30']
SELECT [t].[Id], [t].[Ad], [t].[AdresId], [t].[AktifMi], [t].[MailAdress], [t].[TelNo]
FROM [tblSube] AS [t]
INNER JOIN (
    SELECT [t0].[Id], [t0].[MahalleId]
    FROM [tblBina] AS [t0]
    INNER JOIN [tblAdres] AS [t2] ON [t0].[Id] = [t2].[Id]
) AS [t1] ON [t].[AdresId] = [t1].[Id]
INNER JOIN [tblMahalle] AS [t3] ON [t1].[MahalleId] = [t3].[Id]
INNER JOIN [tblIce] AS [t4] ON [t3].[IlceId] = [t4].[Id]
INNER JOIN [tblSehir] AS [t5] ON [t4].[SehirId] = [t5].[Id]
WHERE [t5].[Id] = @__ilid_0 
2023-08-04 15:35:28.9733||INFO|Microsoft.AspNetCore.Mvc.Infrastructure.ObjectResultExecutor|Executing ObjectResult, writing value of type '<>f__AnonymousType0`2[[System.Boolean, System.Private.CoreLib, Version=6.0.0.0, Culture=neutral, PublicKeyToken=7cec85d7bea7798e],[System.Collections.Generic.List`1[[RentACar.Model.Sube, RentACar.Model, Version=1.0.0.0, Culture=neutral, PublicKeyToken=null]], System.Private.CoreLib, Version=6.0.0.0, Culture=neutral, PublicKeyToken=7cec85d7bea7798e]]'. 
2023-08-04 15:35:28.9733||INFO|Microsoft.AspNetCore.Mvc.Infrastructure.ControllerActionInvoker|Executed action RentACar.Api.Controllers.SubeController.SubeleriGetir (RentACar.Api) in 2.2581ms 
2023-08-04 15:35:28.9733||INFO|Microsoft.AspNetCore.Routing.EndpointMiddleware|Executed endpoint 'RentACar.Api.Controllers.SubeController.SubeleriGetir (RentACar.Api)' 
2023-08-04 15:35:28.9733||INFO|Microsoft.AspNetCore.Hosting.Diagnostics|Request finished HTTP/2 GET https://localhost:7131/api/Sube/IlIçersindekiSubeler/19 - - - 200 - application/json;+charset=utf-8 3.3599ms 
2023-08-04 15:37:25.4507||INFO|Microsoft.Hosting.Lifetime|Now listening on: https://localhost:7131 
2023-08-04 15:37:25.4923||INFO|Microsoft.Hosting.Lifetime|Now listening on: http://localhost:5146 
2023-08-04 15:37:25.4923||INFO|Microsoft.Hosting.Lifetime|Application started. Press Ctrl+C to shut down. 
2023-08-04 15:37:25.4923||INFO|Microsoft.Hosting.Lifetime|Hosting environment: Development 
2023-08-04 15:37:25.4923||INFO|Microsoft.Hosting.Lifetime|Content root path: D:\Masaüstü\RentACar\RentACar\RentACar.Api\ 
2023-08-04 15:37:25.6978||INFO|Microsoft.AspNetCore.Hosting.Diagnostics|Request starting HTTP/2 GET https://localhost:7131/swagger/index.html - - 
2023-08-04 15:37:25.9283||INFO|Microsoft.AspNetCore.Hosting.Diagnostics|Request finished HTTP/2 GET https://localhost:7131/swagger/index.html - - - 200 - text/html;charset=utf-8 232.3430ms 
2023-08-04 15:37:25.9283||INFO|Microsoft.AspNetCore.Hosting.Diagnostics|Request starting HTTP/2 GET https://localhost:7131/_framework/aspnetcore-browser-refresh.js - - 
2023-08-04 15:37:25.9283||INFO|Microsoft.AspNetCore.Hosting.Diagnostics|Request finished HTTP/2 GET https://localhost:7131/_framework/aspnetcore-browser-refresh.js - - - 200 11994 application/javascript;+charset=utf-8 3.0421ms 
2023-08-04 15:37:25.9767||INFO|Microsoft.AspNetCore.Hosting.Diagnostics|Request starting HTTP/2 GET https://localhost:7131/_vs/browserLink - - 
2023-08-04 15:37:26.0196||INFO|Microsoft.AspNetCore.Hosting.Diagnostics|Request finished HTTP/2 GET https://localhost:7131/_vs/browserLink - - - 200 - text/javascript;+charset=UTF-8 42.8517ms 
2023-08-04 15:37:26.0714||INFO|Microsoft.AspNetCore.Hosting.Diagnostics|Request starting HTTP/2 GET https://localhost:7131/swagger/v1/swagger.json - - 
2023-08-04 15:37:26.1509||INFO|Microsoft.AspNetCore.Hosting.Diagnostics|Request finished HTTP/2 GET https://localhost:7131/swagger/v1/swagger.json - - - 200 - application/json;charset=utf-8 79.6728ms 
2023-08-04 15:37:32.0110||INFO|Microsoft.AspNetCore.Hosting.Diagnostics|Request starting HTTP/2 GET https://localhost:7131/api/Sube/IlIçersindekiSubeler/19 - - 
2023-08-04 15:37:32.0110||INFO|Microsoft.AspNetCore.Routing.EndpointMiddleware|Executing endpoint 'RentACar.Api.Controllers.SubeController.SubeleriGetir (RentACar.Api)' 
2023-08-04 15:37:32.0348||INFO|Microsoft.AspNetCore.Mvc.Infrastructure.ControllerActionInvoker|Route matched with {action = "SubeleriGetir", controller = "Sube"}. Executing controller action with signature System.Object SubeleriGetir(Int32) on controller RentACar.Api.Controllers.SubeController (RentACar.Api). 
2023-08-04 15:37:32.7686||WARN|Microsoft.EntityFrameworkCore.Model.Validation|No store type was specified for the decimal property 'DepozitoUcret' on entity type 'Arac'. This will cause values to be silently truncated if they do not fit in the default precision and scale. Explicitly specify the SQL server column type that can accommodate all the values in 'OnModelCreating' using 'HasColumnType', specify precision and scale using 'HasPrecision', or configure a value converter using 'HasConversion'. 
2023-08-04 15:37:32.7686||WARN|Microsoft.EntityFrameworkCore.Model.Validation|No store type was specified for the decimal property 'Fiyat' on entity type 'Arac'. This will cause values to be silently truncated if they do not fit in the default precision and scale. Explicitly specify the SQL server column type that can accommodate all the values in 'OnModelCreating' using 'HasColumnType', specify precision and scale using 'HasPrecision', or configure a value converter using 'HasConversion'. 
2023-08-04 15:37:33.6866||INFO|Microsoft.EntityFrameworkCore.Database.Command|Executed DbCommand (56ms) [Parameters=[@__ilid_0='?' (DbType = Int32)], CommandType='Text', CommandTimeout='30']
SELECT [t].[Id], [t].[Ad], [t].[AdresId], [t].[AktifMi], [t].[MailAdress], [t].[TelNo]
FROM [tblSube] AS [t]
INNER JOIN [tblAdres] AS [t0] ON [t].[AdresId] = [t0].[Id]
INNER JOIN [tblBina] AS [t1] ON [t0].[BinaId] = [t1].[Id]
INNER JOIN [tblMahalle] AS [t2] ON [t1].[MahalleId] = [t2].[Id]
INNER JOIN [tblIce] AS [t3] ON [t2].[IlceId] = [t3].[Id]
INNER JOIN [tblSehir] AS [t4] ON [t3].[SehirId] = [t4].[Id]
WHERE [t4].[Id] = @__ilid_0 
2023-08-04 15:37:33.7189||INFO|Microsoft.AspNetCore.Mvc.Infrastructure.ObjectResultExecutor|Executing ObjectResult, writing value of type '<>f__AnonymousType0`2[[System.Boolean, System.Private.CoreLib, Version=6.0.0.0, Culture=neutral, PublicKeyToken=7cec85d7bea7798e],[System.Collections.Generic.List`1[[RentACar.Model.Sube, RentACar.Model, Version=1.0.0.0, Culture=neutral, PublicKeyToken=null]], System.Private.CoreLib, Version=6.0.0.0, Culture=neutral, PublicKeyToken=7cec85d7bea7798e]]'. 
2023-08-04 15:37:33.7276||INFO|Microsoft.AspNetCore.Mvc.Infrastructure.ControllerActionInvoker|Executed action RentACar.Api.Controllers.SubeController.SubeleriGetir (RentACar.Api) in 1689.3661ms 
2023-08-04 15:37:33.7276||INFO|Microsoft.AspNetCore.Routing.EndpointMiddleware|Executed endpoint 'RentACar.Api.Controllers.SubeController.SubeleriGetir (RentACar.Api)' 
2023-08-04 15:37:33.7395||INFO|Microsoft.AspNetCore.Hosting.Diagnostics|Request finished HTTP/2 GET https://localhost:7131/api/Sube/IlIçersindekiSubeler/19 - - - 200 - application/json;+charset=utf-8 1728.5321ms 
2023-08-04 15:40:06.1969||INFO|Microsoft.Hosting.Lifetime|Now listening on: https://localhost:7131 
2023-08-04 15:40:06.2379||INFO|Microsoft.Hosting.Lifetime|Now listening on: http://localhost:5146 
2023-08-04 15:40:06.2412||INFO|Microsoft.Hosting.Lifetime|Application started. Press Ctrl+C to shut down. 
2023-08-04 15:40:06.2412||INFO|Microsoft.Hosting.Lifetime|Hosting environment: Development 
2023-08-04 15:40:06.2412||INFO|Microsoft.Hosting.Lifetime|Content root path: D:\Masaüstü\RentACar\RentACar\RentACar.Api\ 
2023-08-04 15:40:06.4392||INFO|Microsoft.AspNetCore.Hosting.Diagnostics|Request starting HTTP/2 GET https://localhost:7131/swagger/index.html - - 
2023-08-04 15:40:06.6638||INFO|Microsoft.AspNetCore.Hosting.Diagnostics|Request finished HTTP/2 GET https://localhost:7131/swagger/index.html - - - 200 - text/html;charset=utf-8 226.9853ms 
2023-08-04 15:40:06.6763||INFO|Microsoft.AspNetCore.Hosting.Diagnostics|Request starting HTTP/2 GET https://localhost:7131/_framework/aspnetcore-browser-refresh.js - - 
2023-08-04 15:40:06.6763||INFO|Microsoft.AspNetCore.Hosting.Diagnostics|Request finished HTTP/2 GET https://localhost:7131/_framework/aspnetcore-browser-refresh.js - - - 200 11994 application/javascript;+charset=utf-8 3.1782ms 
2023-08-04 15:40:06.7049||INFO|Microsoft.AspNetCore.Hosting.Diagnostics|Request starting HTTP/2 GET https://localhost:7131/_vs/browserLink - - 
2023-08-04 15:40:06.7205||INFO|Microsoft.AspNetCore.Hosting.Diagnostics|Request finished HTTP/2 GET https://localhost:7131/_vs/browserLink - - - 200 - text/javascript;+charset=UTF-8 15.6199ms 
2023-08-04 15:40:06.7939||INFO|Microsoft.AspNetCore.Hosting.Diagnostics|Request starting HTTP/2 GET https://localhost:7131/swagger/v1/swagger.json - - 
2023-08-04 15:40:06.8636||INFO|Microsoft.AspNetCore.Hosting.Diagnostics|Request finished HTTP/2 GET https://localhost:7131/swagger/v1/swagger.json - - - 200 - application/json;charset=utf-8 69.7442ms 
2023-08-04 15:41:16.4619||INFO|Microsoft.AspNetCore.Hosting.Diagnostics|Request starting HTTP/2 GET https://localhost:7131/api/Arac/AracMarkalariniGetir/1 - - 
2023-08-04 15:41:16.4619||INFO|Microsoft.AspNetCore.Routing.EndpointMiddleware|Executing endpoint 'RentACar.Api.Controllers.AracController.AracMarkalariniGetir (RentACar.Api)' 
2023-08-04 15:41:16.4879||INFO|Microsoft.AspNetCore.Mvc.Infrastructure.ControllerActionInvoker|Route matched with {action = "AracMarkalariniGetir", controller = "Arac"}. Executing controller action with signature System.Object AracMarkalariniGetir(Int32) on controller RentACar.Api.Controllers.AracController (RentACar.Api). 
2023-08-04 15:41:17.2092||WARN|Microsoft.EntityFrameworkCore.Model.Validation|No store type was specified for the decimal property 'DepozitoUcret' on entity type 'Arac'. This will cause values to be silently truncated if they do not fit in the default precision and scale. Explicitly specify the SQL server column type that can accommodate all the values in 'OnModelCreating' using 'HasColumnType', specify precision and scale using 'HasPrecision', or configure a value converter using 'HasConversion'. 
2023-08-04 15:41:17.2092||WARN|Microsoft.EntityFrameworkCore.Model.Validation|No store type was specified for the decimal property 'Fiyat' on entity type 'Arac'. This will cause values to be silently truncated if they do not fit in the default precision and scale. Explicitly specify the SQL server column type that can accommodate all the values in 'OnModelCreating' using 'HasColumnType', specify precision and scale using 'HasPrecision', or configure a value converter using 'HasConversion'. 
2023-08-04 15:41:18.0994||INFO|Microsoft.EntityFrameworkCore.Database.Command|Executed DbCommand (52ms) [Parameters=[@__mid_0='?' (DbType = Int32)], CommandType='Text', CommandTimeout='30']
SELECT [t].[Id], [t].[Aciklama], [t].[AracDurum], [t].[DepozitoUcret], [t].[Fiyat], [t].[Foto], [t].[KmSinir], [t].[KoltukSayi], [t].[ModelId], [t].[SubeId], [t].[UretimYil], [t].[VitesTip], [t].[YakitTipId]
FROM [tblArac] AS [t]
INNER JOIN [tblModel] AS [t0] ON [t].[ModelId] = [t0].[Id]
WHERE [t0].[MarkaId] = @__mid_0 
2023-08-04 15:41:18.1335||INFO|Microsoft.AspNetCore.Mvc.Infrastructure.ObjectResultExecutor|Executing ObjectResult, writing value of type '<>f__AnonymousType0`2[[System.Boolean, System.Private.CoreLib, Version=6.0.0.0, Culture=neutral, PublicKeyToken=7cec85d7bea7798e],[System.Collections.Generic.List`1[[RentACar.Model.Arac, RentACar.Model, Version=1.0.0.0, Culture=neutral, PublicKeyToken=null]], System.Private.CoreLib, Version=6.0.0.0, Culture=neutral, PublicKeyToken=7cec85d7bea7798e]]'. 
2023-08-04 15:41:18.1509||INFO|Microsoft.AspNetCore.Mvc.Infrastructure.ControllerActionInvoker|Executed action RentACar.Api.Controllers.AracController.AracMarkalariniGetir (RentACar.Api) in 1657.1391ms 
2023-08-04 15:41:18.1509||INFO|Microsoft.AspNetCore.Routing.EndpointMiddleware|Executed endpoint 'RentACar.Api.Controllers.AracController.AracMarkalariniGetir (RentACar.Api)' 
2023-08-04 15:41:18.1627||INFO|Microsoft.AspNetCore.Hosting.Diagnostics|Request finished HTTP/2 GET https://localhost:7131/api/Arac/AracMarkalariniGetir/1 - - - 200 - application/json;+charset=utf-8 1700.7698ms 
2023-08-04 15:43:32.4028||INFO|Microsoft.AspNetCore.Hosting.Diagnostics|Request starting HTTP/2 GET https://localhost:7131/api/Arac/AracMarkalariniGetir/3 - - 
2023-08-04 15:43:32.4028||INFO|Microsoft.AspNetCore.Routing.EndpointMiddleware|Executing endpoint 'RentACar.Api.Controllers.AracController.AracMarkalariniGetir (RentACar.Api)' 
2023-08-04 15:43:32.4028||INFO|Microsoft.AspNetCore.Mvc.Infrastructure.ControllerActionInvoker|Route matched with {action = "AracMarkalariniGetir", controller = "Arac"}. Executing controller action with signature System.Object AracMarkalariniGetir(Int32) on controller RentACar.Api.Controllers.AracController (RentACar.Api). 
2023-08-04 15:43:32.4188||INFO|Microsoft.EntityFrameworkCore.Database.Command|Executed DbCommand (2ms) [Parameters=[@__mid_0='?' (DbType = Int32)], CommandType='Text', CommandTimeout='30']
SELECT [t].[Id], [t].[Aciklama], [t].[AracDurum], [t].[DepozitoUcret], [t].[Fiyat], [t].[Foto], [t].[KmSinir], [t].[KoltukSayi], [t].[ModelId], [t].[SubeId], [t].[UretimYil], [t].[VitesTip], [t].[YakitTipId]
FROM [tblArac] AS [t]
INNER JOIN [tblModel] AS [t0] ON [t].[ModelId] = [t0].[Id]
WHERE [t0].[MarkaId] = @__mid_0 
2023-08-04 15:43:32.4188||INFO|Microsoft.AspNetCore.Mvc.Infrastructure.ObjectResultExecutor|Executing ObjectResult, writing value of type '<>f__AnonymousType0`2[[System.Boolean, System.Private.CoreLib, Version=6.0.0.0, Culture=neutral, PublicKeyToken=7cec85d7bea7798e],[System.Collections.Generic.List`1[[RentACar.Model.Arac, RentACar.Model, Version=1.0.0.0, Culture=neutral, PublicKeyToken=null]], System.Private.CoreLib, Version=6.0.0.0, Culture=neutral, PublicKeyToken=7cec85d7bea7798e]]'. 
2023-08-04 15:43:32.4188||INFO|Microsoft.AspNetCore.Mvc.Infrastructure.ControllerActionInvoker|Executed action RentACar.Api.Controllers.AracController.AracMarkalariniGetir (RentACar.Api) in 10.2874ms 
2023-08-04 15:43:32.4188||INFO|Microsoft.AspNetCore.Routing.EndpointMiddleware|Executed endpoint 'RentACar.Api.Controllers.AracController.AracMarkalariniGetir (RentACar.Api)' 
2023-08-04 15:43:32.4188||INFO|Microsoft.AspNetCore.Hosting.Diagnostics|Request finished HTTP/2 GET https://localhost:7131/api/Arac/AracMarkalariniGetir/3 - - - 200 - application/json;+charset=utf-8 17.2809ms 
